<?xml version="1.0" encoding="UTF-8"?>
<testng-results ignored="0" total="3" passed="3" failed="0" skipped="0">
  <reporter-output>
  </reporter-output>
  <suite started-at="2025-04-15T15:36:27 IST" name="Suite" finished-at="2025-04-15T15:37:31 IST" duration-ms="63212">
    <groups>
      <group name="regressionTest">
        <method signature="CreateCampaignsTest.m2()[pri:0, instance:Campaigns.CreateCampaignsTest@480d3575]" name="m2" class="Campaigns.CreateCampaignsTest"/>
        <method signature="CreateContactTest.createContactTest()[pri:0, instance:Contact.CreateContactTest@6a4f1a55]" name="createContactTest" class="Contact.CreateContactTest"/>
      </group> <!-- regressionTest -->
      <group name="smokeTest">
        <method signature="CreateCampaignsTest.createCampaignsTest()[pri:0, instance:Campaigns.CreateCampaignsTest@480d3575]" name="createCampaignsTest" class="Campaigns.CreateCampaignsTest"/>
      </group> <!-- smokeTest -->
    </groups>
    <test started-at="2025-04-15T15:36:27 IST" name="TestRunner2" finished-at="2025-04-15T15:37:23 IST" duration-ms="55500">
      <class name="Contact.CreateContactTest">
        <test-method is-config="true" signature="beforeSuite()[pri:0, instance:Contact.CreateContactTest@6a4f1a55]" started-at="2025-04-15T15:36:27 IST" name="beforeSuite" finished-at="2025-04-15T15:36:27 IST" duration-ms="27" status="PASS">
          <reporter-output>
          </reporter-output>
        </test-method> <!-- beforeSuite -->
        <test-method is-config="true" signature="beforeTest()[pri:0, instance:Contact.CreateContactTest@6a4f1a55]" started-at="2025-04-15T15:36:27 IST" name="beforeTest" finished-at="2025-04-15T15:36:27 IST" duration-ms="1" status="PASS">
          <reporter-output>
          </reporter-output>
        </test-method> <!-- beforeTest -->
        <test-method is-config="true" signature="beforeClass(java.lang.String)[pri:0, instance:Contact.CreateContactTest@6a4f1a55]" started-at="2025-04-15T15:36:27 IST" name="beforeClass" finished-at="2025-04-15T15:36:33 IST" duration-ms="5706" status="PASS">
          <params>
            <param index="0">
              <value>
                <![CDATA[edge]]>
              </value>
            </param>
          </params>
          <reporter-output>
          </reporter-output>
        </test-method> <!-- beforeClass -->
        <test-method is-config="true" signature="beforeMethod()[pri:0, instance:Contact.CreateContactTest@6a4f1a55]" started-at="2025-04-15T15:36:33 IST" name="beforeMethod" finished-at="2025-04-15T15:36:42 IST" duration-ms="8566" status="PASS">
          <reporter-output>
          </reporter-output>
        </test-method> <!-- beforeMethod -->
        <test-method signature="createContactTest()[pri:0, instance:Contact.CreateContactTest@6a4f1a55]" started-at="2025-04-15T15:36:42 IST" name="createContactTest" finished-at="2025-04-15T15:37:18 IST" duration-ms="36236" status="PASS">
          <reporter-output>
          </reporter-output>
        </test-method> <!-- createContactTest -->
        <test-method is-config="true" signature="afterMethod()[pri:0, instance:Contact.CreateContactTest@6a4f1a55]" started-at="2025-04-15T15:37:18 IST" name="afterMethod" finished-at="2025-04-15T15:37:21 IST" duration-ms="3167" status="PASS">
          <reporter-output>
          </reporter-output>
        </test-method> <!-- afterMethod -->
        <test-method is-config="true" signature="afterClass()[pri:0, instance:Contact.CreateContactTest@6a4f1a55]" started-at="2025-04-15T15:37:21 IST" name="afterClass" finished-at="2025-04-15T15:37:23 IST" duration-ms="1759" status="PASS">
          <reporter-output>
          </reporter-output>
        </test-method> <!-- afterClass -->
        <test-method is-config="true" signature="afterTest()[pri:0, instance:Contact.CreateContactTest@6a4f1a55]" started-at="2025-04-15T15:37:23 IST" name="afterTest" finished-at="2025-04-15T15:37:23 IST" duration-ms="0" status="PASS">
          <reporter-output>
          </reporter-output>
        </test-method> <!-- afterTest -->
        <test-method is-config="true" signature="afterSuite()[pri:0, instance:Contact.CreateContactTest@6a4f1a55]" started-at="2025-04-15T15:37:31 IST" name="afterSuite" finished-at="2025-04-15T15:37:31 IST" duration-ms="1" status="PASS">
          <reporter-output>
          </reporter-output>
        </test-method> <!-- afterSuite -->
      </class> <!-- Contact.CreateContactTest -->
    </test> <!-- TestRunner2 -->
    <test started-at="2025-04-15T15:36:27 IST" name="TestRunner1" finished-at="2025-04-15T15:37:31 IST" duration-ms="63212">
      <class name="Campaigns.CreateCampaignsTest">
        <test-method is-config="true" signature="beforeTest()[pri:0, instance:Campaigns.CreateCampaignsTest@480d3575]" started-at="2025-04-15T15:36:28 IST" name="beforeTest" finished-at="2025-04-15T15:36:28 IST" duration-ms="1" status="PASS">
          <reporter-output>
          </reporter-output>
        </test-method> <!-- beforeTest -->
        <test-method is-config="true" signature="beforeClass(java.lang.String)[pri:0, instance:Campaigns.CreateCampaignsTest@480d3575]" started-at="2025-04-15T15:36:28 IST" name="beforeClass" finished-at="2025-04-15T15:36:31 IST" duration-ms="2992" status="PASS">
          <params>
            <param index="0">
              <value>
                <![CDATA[chrome]]>
              </value>
            </param>
          </params>
          <reporter-output>
          </reporter-output>
        </test-method> <!-- beforeClass -->
        <test-method is-config="true" signature="beforeMethod()[pri:0, instance:Campaigns.CreateCampaignsTest@480d3575]" started-at="2025-04-15T15:36:31 IST" name="beforeMethod" finished-at="2025-04-15T15:36:40 IST" duration-ms="8988" status="PASS">
          <reporter-output>
          </reporter-output>
        </test-method> <!-- beforeMethod -->
        <test-method signature="createCampaignsTest()[pri:0, instance:Campaigns.CreateCampaignsTest@480d3575]" started-at="2025-04-15T15:36:40 IST" name="createCampaignsTest" finished-at="2025-04-15T15:37:17 IST" duration-ms="36370" status="PASS">
          <reporter-output>
          </reporter-output>
        </test-method> <!-- createCampaignsTest -->
        <test-method is-config="true" signature="afterMethod()[pri:0, instance:Campaigns.CreateCampaignsTest@480d3575]" started-at="2025-04-15T15:37:17 IST" name="afterMethod" finished-at="2025-04-15T15:37:20 IST" duration-ms="3426" status="PASS">
          <reporter-output>
          </reporter-output>
        </test-method> <!-- afterMethod -->
        <test-method is-config="true" signature="beforeMethod()[pri:0, instance:Campaigns.CreateCampaignsTest@480d3575]" started-at="2025-04-15T15:37:20 IST" name="beforeMethod" finished-at="2025-04-15T15:37:25 IST" duration-ms="4665" status="PASS">
          <reporter-output>
          </reporter-output>
        </test-method> <!-- beforeMethod -->
        <test-method signature="m2()[pri:0, instance:Campaigns.CreateCampaignsTest@480d3575]" started-at="2025-04-15T15:37:25 IST" name="m2" finished-at="2025-04-15T15:37:25 IST" duration-ms="21" status="PASS">
          <reporter-output>
          </reporter-output>
        </test-method> <!-- m2 -->
        <test-method is-config="true" signature="afterMethod()[pri:0, instance:Campaigns.CreateCampaignsTest@480d3575]" started-at="2025-04-15T15:37:25 IST" name="afterMethod" finished-at="2025-04-15T15:37:30 IST" duration-ms="5056" status="PASS">
          <reporter-output>
          </reporter-output>
        </test-method> <!-- afterMethod -->
        <test-method is-config="true" signature="afterClass()[pri:0, instance:Campaigns.CreateCampaignsTest@480d3575]" started-at="2025-04-15T15:37:30 IST" name="afterClass" finished-at="2025-04-15T15:37:31 IST" duration-ms="513" status="PASS">
          <reporter-output>
          </reporter-output>
        </test-method> <!-- afterClass -->
        <test-method is-config="true" signature="afterTest()[pri:0, instance:Campaigns.CreateCampaignsTest@480d3575]" started-at="2025-04-15T15:37:31 IST" name="afterTest" finished-at="2025-04-15T15:37:31 IST" duration-ms="0" status="PASS">
          <reporter-output>
          </reporter-output>
        </test-method> <!-- afterTest -->
      </class> <!-- Campaigns.CreateCampaignsTest -->
    </test> <!-- TestRunner1 -->
  </suite> <!-- Suite -->
</testng-results>
